[0m17:28:04.056565 [debug] [MainThread]: Sending event: {'category': 'dbt', 'action': 'invocation', 'label': 'start', 'context': [<snowplow_tracker.self_describing_json.SelfDescribingJson object at 0x7660a29b57b0>, <snowplow_tracker.self_describing_json.SelfDescribingJson object at 0x7660a17e70a0>, <snowplow_tracker.self_describing_json.SelfDescribingJson object at 0x7660a17e6020>]}


============================== 17:28:04.078450 | af3a4a1f-4ec9-4950-a5ab-2e90b94d5342 ==============================
[0m17:28:04.078450 [info ] [MainThread]: Running with dbt=1.11.5
[0m17:28:04.079079 [debug] [MainThread]: running dbt with arguments {'target_path': 'None', 'partial_parse': 'True', 'indirect_selection': 'eager', 'profiles_dir': '/home/chris/.dbt', 'warn_error_options': 'WarnErrorOptionsV2(error=[], warn=[], silence=[])', 'printer_width': '80', 'static_parser': 'True', 'debug': 'False', 'log_cache_events': 'False', 'use_colors': 'True', 'send_anonymous_usage_stats': 'True', 'introspect': 'True', 'write_json': 'True', 'log_path': 'logs', 'empty': 'None', 'quiet': 'False', 'use_experimental_parser': 'False', 'fail_fast': 'False', 'invocation_command': 'dbt init city_health', 'version_check': 'True', 'cache_selected_only': 'False', 'log_format': 'default', 'no_print': 'None', 'warn_error': 'None'}
[0m17:28:04.103463 [info ] [MainThread]: Creating dbt configuration folder at /home/chris/.dbt
[0m17:28:04.104769 [debug] [MainThread]: Starter project path: /home/chris/code/sd-neighborhood-pulse/.venv/lib/python3.10/site-packages/dbt/include/starter_project
[0m17:28:04.106750 [info ] [MainThread]: 
Your new dbt project "city_health" was created!

For more information on how to configure the profiles.yml file,
please consult the dbt documentation here:

  https://docs.getdbt.com/docs/configure-your-profile

One more thing:

Need help? Don't hesitate to reach out to us via GitHub issues or on Slack:

  https://community.getdbt.com/

Happy modeling!

[0m17:28:04.107084 [info ] [MainThread]: Setting up your profile.
[0m17:28:17.282807 [info ] [MainThread]: Profile city_health written to /home/chris/.dbt/profiles.yml using target's sample configuration. Once updated, you'll be able to start developing with dbt.
[0m17:28:17.294409 [debug] [MainThread]: Resource report: {"command_name": "init", "command_success": true, "command_wall_clock_time": 13.281115, "process_in_blocks": "6400", "process_kernel_time": 0.174952, "process_mem_max_rss": "125936", "process_out_blocks": "26456", "process_user_time": 1.773382}
[0m17:28:17.294963 [debug] [MainThread]: Command `dbt init` succeeded at 17:28:17.294865 after 13.28 seconds
[0m17:28:17.295266 [debug] [MainThread]: Sending event: {'category': 'dbt', 'action': 'invocation', 'label': 'end', 'context': [<snowplow_tracker.self_describing_json.SelfDescribingJson object at 0x7660a29b57b0>, <snowplow_tracker.self_describing_json.SelfDescribingJson object at 0x7660a1ec8c10>, <snowplow_tracker.self_describing_json.SelfDescribingJson object at 0x7660a1ec94b0>]}
[0m17:28:17.295583 [debug] [MainThread]: Flushing usage events
[0m17:28:17.725625 [debug] [MainThread]: An error was encountered while trying to flush usage events
